Arguments: 
  C:\Program Files\nodejs\node.exe C:\Program Files (x86)\Yarn\bin\yarn.js add rollup-node-resolve --dev

PATH: 
  D:\app\luoli\product\11.2.0\client_1\bin;C:\Program Files (x86)\Intel\Intel(R) Management Engine Components\iCLS\;C:\Program Files\Intel\Intel(R) Management Engine Components\iCLS\;C:\Windows\system32;C:\Windows;C:\Windows\System32\Wbem;C:\Windows\System32\WindowsPowerShell\v1.0\;C:\Windows\System32\OpenSSH\;C:\Program Files (x86)\Intel\Intel(R) Management Engine Components\DAL;C:\Program Files\Intel\Intel(R) Management Engine Components\DAL;C:\Program Files (x86)\NVIDIA Corporation\PhysX\Common;C:\Users\luoli\软件\Microsoft VS Code\bin;C;\Program Files (x86)\Windows Kits\8.1\Windows Performance Toolkit\;C:\Program Files\Microsoft SQL Server\110\Tools\Binn\;D:\SVN\bin;C:\Program Files\VisualSVN Server\bin;C:\Program Files\Java\jdk1.8.0_144\bin;C:\Program Files\MySQL\MySQL Server 8.0\bin\;C:\Program Files (x86)\Yarn\bin\;D:\si-tech-vpn\OpenVPN\bin;C:\Program Files\NVIDIA Corporation\NVIDIA NvDLISR;C:\Program Files\Intel\WiFi\bin\;C:\Program Files\Common Files\Intel\WirelessCommon\;D:\Go\bin;C:\WINDOWS\system32;C:\WINDOWS;C:\WINDOWS\System32\Wbem;C:\WINDOWS\System32\WindowsPowerShell\v1.0\;C:\WINDOWS\System32\OpenSSH\;C:\Program Files (x86)\Pandoc\;C:\Program Files\Git\cmd;C:\Users\luoli\AppData\Roaming\nvm;C:\Program Files\nodejs;D:\Python\Scripts\;D:\Python\;C:\Users\luoli\AppData\Local\Microsoft\WindowsApps;C:\Users\luoli\软件\Microsoft VS Code\bin;C:\Users\luoli\AppData\Local\Yarn\bin;C:\Program Files\Intel\WiFi\bin\;C:\Program Files\Common Files\Intel\WirelessCommon\;C:\Users\luoli\go\bin;C:\Users\luoli\WebStorm 2019.3\bin;C:\Users\luoli\AppData\Local\BypassRuntm;C:\Users\luoli\AppData\Local\Programs\Fiddler;C:\Users\luoli\AppData\Roaming\npm;C:\Users\luoli\AppData\Roaming\nvm;C:\Program Files\nodejs;%USERPROFILE%\AppData\Local\Microsoft\WindowsApps;

Yarn version: 
  1.15.2

Node version: 
  10.15.3

Platform: 
  win32 x64

Trace: 
  Error: https://registry.yarnpkg.com/rollup-node-resolve: Not found
      at Request.params.callback [as _callback] (C:\Program Files (x86)\Yarn\lib\cli.js:65167:18)
      at Request.self.callback (C:\Program Files (x86)\Yarn\lib\cli.js:129541:22)
      at Request.emit (events.js:189:13)
      at Request.<anonymous> (C:\Program Files (x86)\Yarn\lib\cli.js:130513:10)
      at Request.emit (events.js:189:13)
      at IncomingMessage.<anonymous> (C:\Program Files (x86)\Yarn\lib\cli.js:130435:12)
      at Object.onceWrapper (events.js:277:13)
      at IncomingMessage.emit (events.js:194:15)
      at endReadableNT (_stream_readable.js:1125:12)
      at process._tickCallback (internal/process/next_tick.js:63:19)

npm manifest: 
  {
    "name": "01-getting-started",
    "version": "1.0.0",
    "main": "index.js",
    "license": "MIT",
    "scripts": {
        "build": "rollup -config"
    },
    "devDependencies": {
      "rollup": "^2.45.2",
      "rollup-plugin-json": "^4.0.0"
    }
  }

yarn manifest: 
  No manifest

Lockfile: 
  # THIS IS AN AUTOGENERATED FILE. DO NOT EDIT THIS FILE DIRECTLY.
  # yarn lockfile v1
  
  
  estree-walker@^0.6.1:
    version "0.6.1"
    resolved "https://registry.yarnpkg.com/estree-walker/-/estree-walker-0.6.1.tgz#53049143f40c6eb918b23671d1fe3219f3a1b362"
    integrity sha512-SqmZANLWS0mnatqbSfRP5g8OXZC12Fgg1IwNtLsyHDzJizORW4khDfjPqJZsemPWBB2uqykUah5YpQ6epsqC/w==
  
  fsevents@~2.3.1:
    version "2.3.2"
    resolved "https://registry.yarnpkg.com/fsevents/-/fsevents-2.3.2.tgz#8a526f78b8fdf4623b709e0b975c52c24c02fd1a"
    integrity sha512-xiqMQR4xAeHTuB9uWm+fFRcIOgKBMiOBP+eXiyT7jsgVCq1bkVygt00oASowB7EdtpOHaaPgKt812P9ab+DDKA==
  
  rollup-plugin-json@^4.0.0:
    version "4.0.0"
    resolved "https://registry.yarnpkg.com/rollup-plugin-json/-/rollup-plugin-json-4.0.0.tgz#a18da0a4b30bf5ca1ee76ddb1422afbb84ae2b9e"
    integrity sha512-hgb8N7Cgfw5SZAkb3jf0QXii6QX/FOkiIq2M7BAQIEydjHvTyxXHQiIzZaTFgx1GK0cRCHOCBHIyEkkLdWKxow==
    dependencies:
      rollup-pluginutils "^2.5.0"
  
  rollup-pluginutils@^2.5.0:
    version "2.8.2"
    resolved "https://registry.yarnpkg.com/rollup-pluginutils/-/rollup-pluginutils-2.8.2.tgz#72f2af0748b592364dbd3389e600e5a9444a351e"
    integrity sha512-EEp9NhnUkwY8aif6bxgovPHMoMoNr2FulJziTndpt5H9RdwC47GSGuII9XxpSdzVGM0GWrNPHV6ie1LTNJPaLQ==
    dependencies:
      estree-walker "^0.6.1"
  
  rollup@^2.45.2:
    version "2.45.2"
    resolved "https://registry.yarnpkg.com/rollup/-/rollup-2.45.2.tgz#8fb85917c9f35605720e92328f3ccbfba6f78b48"
    integrity sha512-kRRU7wXzFHUzBIv0GfoFFIN3m9oteY4uAsKllIpQDId5cfnkWF2J130l+27dzDju0E6MScKiV0ZM5Bw8m4blYQ==
    optionalDependencies:
      fsevents "~2.3.1"
